

times in msec
 clock   self+sourced   self:  sourced script
 clock   elapsed:              other lines

000.008  000.008: --- NVIM STARTING ---
003.035  003.026: event init
004.968  001.933: early init
009.396  004.429: locale set
010.874  001.478: init first window
013.393  002.519: inits 1
013.411  000.018: window checked
013.417  000.006: parsing arguments
015.765  000.072  000.072: require('vim.shared')
015.877  000.043  000.043: require('vim._meta')
015.879  000.110  000.066: require('vim._editor')
015.881  000.227  000.046: require('vim._init_packages')
015.882  002.238: init lua interpreter
016.066  000.183: expanding arguments
016.423  000.358: inits 2
016.715  000.291: init highlight
016.717  000.002: waiting for UI
021.947  005.230: done waiting for UI
021.962  000.014: clear screen
022.622  000.661: init default mappings
022.645  000.023: init default autocommands
024.565  000.967  000.967: sourcing /usr/local/Cellar/neovim/HEAD-bfdddec/share/nvim/runtime/ftplugin.vim
025.105  000.463  000.463: sourcing /usr/local/Cellar/neovim/HEAD-bfdddec/share/nvim/runtime/indent.vim
026.461  001.176  001.176: sourcing /Users/yuki/.config/nvim/init.lua
026.472  001.221: sourcing vimrc file(s)
027.091  000.535  000.535: sourcing /usr/local/Cellar/neovim/HEAD-bfdddec/share/nvim/runtime/filetype.lua
028.203  000.359  000.359: sourcing /usr/local/Cellar/neovim/HEAD-bfdddec/share/nvim/runtime/syntax/synload.vim
028.323  001.154  000.794: sourcing /usr/local/Cellar/neovim/HEAD-bfdddec/share/nvim/runtime/syntax/syntax.vim
031.563  000.647  000.647: sourcing /Users/yuki/.config/nvim/plugin/dein/github-api-token.vim
032.616  000.562  000.562: sourcing /Users/yuki/.local/share/nvim/plugin/dein/repos/github.com/Shougo/dein.vim/autoload/dein/min.vim
035.438  000.419  000.419: sourcing /usr/local/Cellar/neovim/HEAD-bfdddec/share/nvim/runtime/ftoff.vim
037.542  001.291  001.291: sourcing /Users/yuki/.cache/dein/repos/github.com/Shougo/dein.vim/autoload/dein/autoload.vim
038.835  001.049  001.049: sourcing /Users/yuki/.cache/dein/repos/github.com/Shougo/dein.vim/autoload/dein/util.vim
040.371  004.562  002.221: require('filetype')
042.501  000.733  000.733: require('nightfox.lib.collect')
043.734  001.230  001.230: require('nightfox.util')
043.757  002.565  000.602: require('nightfox.config')
043.762  003.362  000.798: require('nightfox')
044.299  000.536  000.536: require('nightfox.override')
054.535  000.652  000.652: require('nightfox.fingerprint')
055.844  001.043  001.043: require('nightfox.util.deprecation')
056.422  000.575  000.575: require('nightfox.lib.deprecation')
059.499  002.952  002.952: sourcing /Users/yuki/.cache/dein/.cache/.cache/init.lua/.dein/colors/duskfox.vim
062.598  002.729  002.729: require('nvim-web-devicons')
080.427  015.655  015.655: require('impatient')
080.474  047.635  015.150: sourcing /Users/yuki/.cache/dein/.cache/state_nvim.vim
080.928  000.304  000.304: sourcing /Users/yuki/.cache/dein/repos/github.com/Shougo/dein.vim/autoload/dein.vim
081.148  050.673  001.525: sourcing /Users/yuki/.config/nvim/plugin/dein/dein.vim
081.228  000.010  000.010: sourcing /Users/yuki/.config/nvim/plugin/dein/github-api-token.vim
083.038  000.503  000.503: sourcing /usr/local/Cellar/neovim/HEAD-bfdddec/share/nvim/runtime/plugin/gzip.vim
083.427  000.314  000.314: sourcing /usr/local/Cellar/neovim/HEAD-bfdddec/share/nvim/runtime/plugin/health.vim
083.591  000.106  000.106: sourcing /usr/local/Cellar/neovim/HEAD-bfdddec/share/nvim/runtime/plugin/matchit.vim
083.762  000.103  000.103: sourcing /usr/local/Cellar/neovim/HEAD-bfdddec/share/nvim/runtime/plugin/matchparen.vim
083.923  000.105  000.105: sourcing /usr/local/Cellar/neovim/HEAD-bfdddec/share/nvim/runtime/plugin/netrwPlugin.vim
084.079  000.098  000.098: sourcing /usr/local/Cellar/neovim/HEAD-bfdddec/share/nvim/runtime/plugin/rplugin.vim
084.249  000.106  000.106: sourcing /usr/local/Cellar/neovim/HEAD-bfdddec/share/nvim/runtime/plugin/shada.vim
084.410  000.097  000.097: sourcing /usr/local/Cellar/neovim/HEAD-bfdddec/share/nvim/runtime/plugin/spellfile.vim
084.576  000.105  000.105: sourcing /usr/local/Cellar/neovim/HEAD-bfdddec/share/nvim/runtime/plugin/tarPlugin.vim
084.798  000.100  000.100: sourcing /usr/local/Cellar/neovim/HEAD-bfdddec/share/nvim/runtime/plugin/tohtml.vim
084.994  000.135  000.135: sourcing /usr/local/Cellar/neovim/HEAD-bfdddec/share/nvim/runtime/plugin/tutor.vim
085.209  000.153  000.153: sourcing /usr/local/Cellar/neovim/HEAD-bfdddec/share/nvim/runtime/plugin/zipPlugin.vim
086.269  000.027  000.027: sourcing /Users/yuki/.config/nvim/plugin/dein/toml/plugin/telescope.lua
086.887  000.033  000.033: sourcing /usr/local/Cellar/neovim/HEAD-bfdddec/share/nvim/runtime/plugin/man.lua
086.920  006.091: loading rtp plugins
087.088  000.168: loading packages
087.090  000.002: loading after plugins
087.099  000.009: inits 3
089.864  002.765: reading ShaDa
091.888  002.024: opening buffers
091.893  000.005: BufEnter autocommands
091.899  000.006: editing files in windows
091.963  000.063: VimEnter autocommands
091.966  000.003: UIEnter autocommands
091.967  000.001: before starting main loop
092.795  000.829: first screen update
092.798  000.003: --- NVIM STARTED ---


times in msec
 clock   self+sourced   self:  sourced script
 clock   elapsed:              other lines

000.007  000.007: --- NVIM STARTING ---
000.148  000.141: event init
000.290  000.142: early init
000.759  000.469: locale set
000.829  000.070: init first window
001.280  000.451: inits 1
001.296  000.016: window checked
001.302  000.006: parsing arguments
001.828  000.083  000.083: require('vim.shared')
001.959  000.046  000.046: require('vim._meta')
001.961  000.129  000.083: require('vim._editor')
001.963  000.259  000.048: require('vim._init_packages')
001.964  000.403: init lua interpreter
002.135  000.171: expanding arguments
002.212  000.077: inits 2
002.531  000.318: init highlight
002.532  000.002: waiting for UI
006.769  004.236: done waiting for UI
006.783  000.014: clear screen
006.976  000.193: init default mappings
007.001  000.025: init default autocommands
007.809  000.093  000.093: sourcing /usr/local/Cellar/neovim/HEAD-bfdddec/share/nvim/runtime/ftplugin.vim
007.959  000.045  000.045: sourcing /usr/local/Cellar/neovim/HEAD-bfdddec/share/nvim/runtime/indent.vim
008.932  000.738  000.738: sourcing /Users/yuki/.config/nvim/init.lua
008.949  001.072: sourcing vimrc file(s)
009.145  000.084  000.084: sourcing /usr/local/Cellar/neovim/HEAD-bfdddec/share/nvim/runtime/filetype.lua
009.479  000.108  000.108: sourcing /usr/local/Cellar/neovim/HEAD-bfdddec/share/nvim/runtime/syntax/synload.vim
009.632  000.384  000.276: sourcing /usr/local/Cellar/neovim/HEAD-bfdddec/share/nvim/runtime/syntax/syntax.vim
011.495  000.014  000.014: sourcing /Users/yuki/.config/nvim/plugin/dein/github-api-token.vim
012.193  000.096  000.096: sourcing /Users/yuki/.local/share/nvim/plugin/dein/repos/github.com/Shougo/dein.vim/autoload/dein/min.vim
014.011  000.218  000.218: sourcing /usr/local/Cellar/neovim/HEAD-bfdddec/share/nvim/runtime/ftoff.vim
014.494  000.243  000.243: sourcing /Users/yuki/.cache/dein/repos/github.com/Shougo/dein.vim/autoload/dein/autoload.vim
015.244  000.482  000.482: sourcing /Users/yuki/.cache/dein/repos/github.com/Shougo/dein.vim/autoload/dein/util.vim
015.687  001.594  000.870: require('filetype')
017.062  000.424  000.424: require('nightfox.lib.collect')
017.430  000.364  000.364: require('nightfox.util')
017.457  001.203  000.415: require('nightfox.config')
017.460  001.736  000.534: require('nightfox')
017.794  000.332  000.332: require('nightfox.override')
024.313  000.348  000.348: require('nightfox.fingerprint')
024.734  000.370  000.370: require('nightfox.util.deprecation')
025.076  000.338  000.338: require('nightfox.lib.deprecation')
026.792  001.586  001.586: sourcing /Users/yuki/.cache/dein/.cache/.cache/init.lua/.dein/colors/duskfox.vim
027.763  000.904  000.904: require('nvim-web-devicons')
044.424  013.705  013.705: require('impatient')
044.476  032.000  010.869: sourcing /Users/yuki/.cache/dein/.cache/state_nvim.vim
044.796  000.150  000.150: sourcing /Users/yuki/.cache/dein/repos/github.com/Shougo/dein.vim/autoload/dein.vim
045.052  033.760  001.499: sourcing /Users/yuki/.config/nvim/plugin/dein/dein.vim
045.146  000.013  000.013: sourcing /Users/yuki/.config/nvim/plugin/dein/github-api-token.vim
046.117  000.028  000.028: sourcing /usr/local/Cellar/neovim/HEAD-bfdddec/share/nvim/runtime/plugin/gzip.vim
046.212  000.019  000.019: sourcing /usr/local/Cellar/neovim/HEAD-bfdddec/share/nvim/runtime/plugin/health.vim
046.299  000.021  000.021: sourcing /usr/local/Cellar/neovim/HEAD-bfdddec/share/nvim/runtime/plugin/matchit.vim
046.385  000.021  000.021: sourcing /usr/local/Cellar/neovim/HEAD-bfdddec/share/nvim/runtime/plugin/matchparen.vim
046.482  000.028  000.028: sourcing /usr/local/Cellar/neovim/HEAD-bfdddec/share/nvim/runtime/plugin/netrwPlugin.vim
046.572  000.022  000.022: sourcing /usr/local/Cellar/neovim/HEAD-bfdddec/share/nvim/runtime/plugin/rplugin.vim
046.660  000.017  000.017: sourcing /usr/local/Cellar/neovim/HEAD-bfdddec/share/nvim/runtime/plugin/shada.vim
046.749  000.020  000.020: sourcing /usr/local/Cellar/neovim/HEAD-bfdddec/share/nvim/runtime/plugin/spellfile.vim
046.843  000.025  000.025: sourcing /usr/local/Cellar/neovim/HEAD-bfdddec/share/nvim/runtime/plugin/tarPlugin.vim
047.020  000.024  000.024: sourcing /usr/local/Cellar/neovim/HEAD-bfdddec/share/nvim/runtime/plugin/tohtml.vim
047.111  000.020  000.020: sourcing /usr/local/Cellar/neovim/HEAD-bfdddec/share/nvim/runtime/plugin/tutor.vim
047.217  000.027  000.027: sourcing /usr/local/Cellar/neovim/HEAD-bfdddec/share/nvim/runtime/plugin/zipPlugin.vim
048.466  000.034  000.034: sourcing /Users/yuki/.config/nvim/plugin/dein/toml/plugin/telescope.lua
049.397  000.071  000.071: sourcing /usr/local/Cellar/neovim/HEAD-bfdddec/share/nvim/runtime/plugin/man.lua
049.442  005.877: loading rtp plugins
049.667  000.225: loading packages
049.670  000.003: loading after plugins
049.682  000.012: inits 3
051.936  002.253: reading ShaDa
053.814  001.878: opening buffers
053.818  000.005: BufEnter autocommands
053.824  000.006: editing files in windows
053.886  000.062: VimEnter autocommands
053.890  000.003: UIEnter autocommands
053.891  000.002: before starting main loop
054.382  000.490: first screen update
054.384  000.002: --- NVIM STARTED ---
